<?xml version="1.0" encoding="UTF-8"?>
<!-- Generated by org.testng.reporters.JUnitXMLReporter -->
<testsuite ignored="1" hostname="Samaya" failures="0" tests="1" name="Default test" time="105.936" errors="0" timestamp="2024-04-11T13:41:55 IST">
  <testcase classname="testcases.SPSearchFlightTest" name="SearchFlightOnewWayTrip" time="95.901"/>
  <testcase classname="testcases.SPSearchFlightTest" name="SearchFlightRoundTrip" time="0.0">
    <ignored/>
  </testcase> <!-- SearchFlightRoundTrip -->
</testsuite> <!-- Default test -->
