<?xml version="1.0" encoding="UTF-8"?>
<testng-results ignored="0" total="1" passed="1" failed="0" skipped="0">
  <reporter-output>
  </reporter-output>
  <suite started-at="2024-04-11T13:40:09 IST" name="Default suite" finished-at="2024-04-11T13:41:55 IST" duration-ms="105936">
    <groups>
    </groups>
    <test started-at="2024-04-11T13:40:09 IST" name="Default test" finished-at="2024-04-11T13:41:55 IST" duration-ms="105936">
      <class name="testcases.SPSearchFlightTest">
        <test-method is-config="true" signature="startup()[pri:0, instance:testcases.SPSearchFlightTest@36ebc363]" started-at="2024-04-11T13:40:09 IST" name="startup" finished-at="2024-04-11T13:40:19 IST" duration-ms="9968" status="PASS">
          <reporter-output>
          </reporter-output>
        </test-method> <!-- startup -->
        <test-method signature="SearchFlightOnewWayTrip()[pri:2, instance:testcases.SPSearchFlightTest@36ebc363]" started-at="2024-04-11T13:40:19 IST" name="SearchFlightOnewWayTrip" finished-at="2024-04-11T13:41:55 IST" duration-ms="95901" status="PASS">
          <reporter-output>
          </reporter-output>
        </test-method> <!-- SearchFlightOnewWayTrip -->
        <test-method is-config="true" signature="close()[pri:0, instance:testcases.SPSearchFlightTest@36ebc363]" started-at="2024-04-11T13:41:55 IST" name="close" finished-at="2024-04-11T13:41:55 IST" duration-ms="2" status="PASS">
          <reporter-output>
          </reporter-output>
        </test-method> <!-- close -->
      </class> <!-- testcases.SPSearchFlightTest -->
    </test> <!-- Default test -->
  </suite> <!-- Default suite -->
</testng-results>
